<?xml version="1.0" encoding="UTF-8"?>
<!-- Generated by org.testng.reporters.JUnitXMLReporter -->
<testsuite ignored="3" hostname="NIBLP1344" failures="0" tests="8" name="Test" time="0.096" errors="0" timestamp="2024-06-06T17:24:52 IST">
  <testcase classname="Practice_TestNG.FirstTestNG" name="program1" time="0.011"/>
  <testcase classname="Practice_TestNG.FirstTestNG" name="program2" time="0.002"/>
  <testcase classname="Practice_TestNG.FirstTestNG" name="program3" time="0.002"/>
  <testcase classname="Practice_TestNG.FirstTestNG" name="program4" time="0.001"/>
  <testcase classname="Practice_TestNG.SecondTestNG" name="TC2" time="0.002"/>
  <testcase classname="Practice_TestNG.SecondTestNG" name="TC4" time="0.002"/>
  <testcase classname="Practice_TestNG.ThirdTestNG" name="TestC4" time="0.002"/>
  <testcase classname="Practice_TestNG.FourthTestNG" name="TC4" time="0.001"/>
  <testcase classname="Practice_TestNG.SecondTestNG" name="TC3" time="0.0">
    <ignored/>
  </testcase> <!-- TC3 -->
  <testcase classname="Practice_TestNG.ThirdTestNG" name="TestC3" time="0.0">
    <ignored/>
  </testcase> <!-- TestC3 -->
  <testcase classname="Practice_TestNG.SecondTestNG" name="TC5" time="0.0">
    <ignored/>
  </testcase> <!-- TC5 -->
</testsuite> <!-- Test -->
