<?xml version="1.0" encoding="UTF-8"?>
<!-- Generated by org.testng.reporters.JUnitXMLReporter -->
<testsuite ignored="1" hostname="NIBLP1344" failures="2" tests="12" name="Test" time="0.122" errors="0" timestamp="2024-07-03T19:49:01 IST">
  <testcase classname="Practice2.Hostel" name="JuniorHostel" time="0.006"/>
  <testcase classname="Practice2.Hostel" name="SeniorHostel" time="0.001"/>
  <testcase classname="Practice2.College" name="BranchITBranch4" time="0.01">
    <failure type="java.lang.AssertionError" message="expected [true] but found [false]">
      <![CDATA[java.lang.AssertionError: expected [true] but found [false]
at Practice2.College.BranchITBranch4(College.java:53)
at java.base/java.util.ArrayList.forEach(ArrayList.java:1596)
... Removed 29 stack frames]]>
    </failure>
  </testcase> <!-- BranchITBranch4 -->
  <testcase classname="Practice2.College" name="NewBranch" time="0.002"/>
  <testcase classname="Practice2.College" name="BranchITBranch1" time="0.001"/>
  <testcase classname="Practice2.College" name="BranchITBranch2" time="0.002"/>
  <testcase classname="Practice2.College" name="CivilBranch" time="0.001"/>
  <testcase classname="Practice2.College" name="ITBranch3" time="0.002">
    <failure type="java.lang.AssertionError" message="expected [true] but found [false]">
      <![CDATA[java.lang.AssertionError: expected [true] but found [false]
at Practice2.College.ITBranch3(College.java:46)
at java.base/java.util.ArrayList.forEach(ArrayList.java:1596)
... Removed 29 stack frames]]>
    </failure>
  </testcase> <!-- ITBranch3 -->
  <testcase classname="Practice2.College" name="MechanicalBranch" time="0.001"/>
  <testcase classname="Practice2.College" name="ITBranch5" time="0.002"/>
  <testcase classname="Practice2.ConventSchool" name="HighSchool" time="0.002"/>
  <testcase classname="Practice2.ConventSchool" name="PreprimarySchool" time="0.003"/>
  <testcase classname="Practice2.ConventSchool" name="PrimarySchool" time="0.0">
    <ignored/>
  </testcase> <!-- PrimarySchool -->
</testsuite> <!-- Test -->
