<?xml version="1.0" encoding="UTF-8"?>
<!-- Generated by org.testng.reporters.JUnitXMLReporter -->
<testsuite ignored="0" hostname="NIBLP1344" failures="0" tests="3" name="Default test" time="0.067" errors="0" timestamp="2024-06-26T20:24:25 IST">
  <testcase classname="Practice2.BoardingSchool" name="Classes" time="0.01"/>
  <testcase classname="Practice2.BoardingSchool" name="Classes" time="0.002"/>
  <testcase classname="Practice2.BoardingSchool" name="Classes" time="0.002"/>
</testsuite> <!-- Default test -->
