<?xml version="1.0" encoding="UTF-8"?>
<testng-results ignored="0" total="1" passed="1" failed="0" skipped="0">
  <reporter-output>
  </reporter-output>
  <suite started-at="2024-06-20T21:05:40 IST" name="Default suite" finished-at="2024-06-20T21:05:40 IST" duration-ms="69">
    <groups>
    </groups>
    <test started-at="2024-06-20T21:05:40 IST" name="Default test" finished-at="2024-06-20T21:05:40 IST" duration-ms="69">
      <class name="StreamMap">
        <test-method signature="MapPractice()[pri:0, instance:StreamMap@799f10e1]" started-at="2024-06-20T21:05:40 IST" name="MapPractice" finished-at="2024-06-20T21:05:40 IST" duration-ms="17" status="PASS">
          <reporter-output>
          </reporter-output>
        </test-method> <!-- MapPractice -->
      </class> <!-- StreamMap -->
    </test> <!-- Default test -->
  </suite> <!-- Default suite -->
</testng-results>
