<?xml version="1.0" encoding="UTF-8"?>
<testng-results ignored="0" total="3" passed="3" failed="0" skipped="0">
  <reporter-output>
  </reporter-output>
  <suite started-at="2024-03-29T16:40:55 IST" name="Default suite" finished-at="2024-03-29T16:41:00 IST" duration-ms="5061">
    <groups>
    </groups>
    <test started-at="2024-03-29T16:40:55 IST" name="Default test" finished-at="2024-03-29T16:41:00 IST" duration-ms="5061">
      <class name="AddBook">
        <test-method signature="addBook(java.lang.String,java.lang.String)[pri:0, instance:AddBook@1fa268de]" started-at="2024-03-29T16:40:55 IST" name="addBook" data-provider="BooksData" finished-at="2024-03-29T16:41:00 IST" duration-ms="4555" status="PASS">
          <params>
            <param index="0">
              <value>
                <![CDATA[ab1dd]]>
              </value>
            </param>
            <param index="1">
              <value>
                <![CDATA[7839]]>
              </value>
            </param>
          </params>
          <reporter-output>
          </reporter-output>
        </test-method> <!-- addBook -->
        <test-method signature="addBook(java.lang.String,java.lang.String)[pri:0, instance:AddBook@1fa268de]" started-at="2024-03-29T16:41:00 IST" name="addBook" data-provider="BooksData" finished-at="2024-03-29T16:41:00 IST" duration-ms="269" status="PASS">
          <params>
            <param index="0">
              <value>
                <![CDATA[t3dyi]]>
              </value>
            </param>
            <param index="1">
              <value>
                <![CDATA[8490]]>
              </value>
            </param>
          </params>
          <reporter-output>
          </reporter-output>
        </test-method> <!-- addBook -->
        <test-method signature="addBook(java.lang.String,java.lang.String)[pri:0, instance:AddBook@1fa268de]" started-at="2024-03-29T16:41:00 IST" name="addBook" data-provider="BooksData" finished-at="2024-03-29T16:41:00 IST" duration-ms="144" status="PASS">
          <params>
            <param index="0">
              <value>
                <![CDATA[udiwp]]>
              </value>
            </param>
            <param index="1">
              <value>
                <![CDATA[11210]]>
              </value>
            </param>
          </params>
          <reporter-output>
          </reporter-output>
        </test-method> <!-- addBook -->
      </class> <!-- AddBook -->
    </test> <!-- Default test -->
  </suite> <!-- Default suite -->
</testng-results>
